 Processing command: b main
 HandleCommand, cmd_obj : '_regexp-break'
 HandleCommand, (revised) command_string: '_regexp-break main'
 HandleCommand, wants_raw_input:'True'
 HandleCommand, command line after removing command name(s): 'main'
 Processing command: breakpoint set --name 'main'
 HandleCommand, cmd_obj : 'breakpoint set'
 HandleCommand, (revised) command_string: 'breakpoint set --name 'main''
 HandleCommand, wants_raw_input:'False'
 HandleCommand, command line after removing command name(s): '--name 'main''
 Target::AddBreakpoint (internal = no) => break_id = 1: name = 'main'


 Added location: 1.1: 
  module = /Users/yashwanthprakash/Desktop/SEM 2/TERM 1/PSC/c_activites_sets/set03/problem06
  compile unit = problem06.c
  function = main
  location = /Users/yashwanthprakash/Desktop/SEM 2/TERM 1/PSC/c_activites_sets/set03/problem06.c:12:18
  address = problem06[0x0000000100003d03]
  resolved = false
  hardware = false
  hit count = 0   


 HandleCommand, command succeeded
 HandleCommand, command succeeded
 Processing command: r
 HandleCommand, cmd_obj : 'process launch'
 HandleCommand, (revised) command_string: 'process launch --'
 HandleCommand, wants_raw_input:'False'
 HandleCommand, command line after removing command name(s): '--'
 Target::Launch() called for /Users/yashwanthprakash/Desktop/SEM 2/TERM 1/PSC/c_activites_sets/set03/problem06
 Target::Launch the process instance doesn't currently exist.
 have platform=true, platform_sp->IsHost()=true, default_to_use_pty=true
 at least one of stdin/stdout/stderr was not set, evaluating default handling
 target stdin='(empty)', target stdout='(empty)', stderr='(empty)'
 Generating a pty to use for stdin/out/err
 Target::Launch asking the platform to debug the process
 Host::StartMonitoringChildProcess (callback, pid=5619, monitor_signals=0) source = 0x7f8457978460

 Process::SetPublicState (state = attaching, restarted = 0)
 Host::StartMonitoringChildProcess (callback, pid=5620, monitor_signals=0) source = 0x7f845797eec0

 thread created
 Process::AttachCompletionHandler::AttachCompletionHandler process=0x7f8459bdc618, exec_count=0
 Process::ControlPrivateStateThread (signal = 4)
 thread created
 Sending control event of type: 4.
 Process::RunPrivateStateThread (arg = 0x7f8459bdc618, pid = 5619) thread starting...
 timeout = <infinite>, event_sp)...
 Process::RunPrivateStateThread (arg = 0x7f8459bdc618, pid = 5619) got a control event: 4
 timeout = <infinite>, event_sp)...
 thread created
 timeout = <infinite>
 timeout = <infinite>, event_sp)...
 Process::SetPrivateState (stopped)
 Process::SetPrivateState (stopped) stop_id = 1
 Process::AttachCompletionHandler::PerformAction called with state stopped (5)
 Discarding thread plans for thread (tid = 0x1f7c0, force 1)
 Thread::PushPlan(0x0x7f8457978e78): "Base thread plan.", tid = 0x1f7c0.
 Process::AttachCompletionHandler::PerformAction state stopped: no more execs expected to start, continuing with attach
 Process::CompleteAttach()
 set architecture to x86_64 (x86_64-apple-macosx12.0.0)
 Process::CompleteAttach replacing process architecture with DidAttach() architecture: x86_64h-apple-macosx-
 DynamicLoaderDarwin::UseDYLDSPI: Use new DynamicLoader plugin
 DynamicLoaderDarwin::UseDYLDSPI: Use new DynamicLoader plugin
 Unloaded:
 DynamicLoaderDarwin::UnloadAllImages[0] 55095FCF-451E-397C-8B5F-E599BD19DD0B (x86_64) "/Users/yashwanthprakash/Desktop/SEM 2/TERM 1/PSC/c_activites_sets/set03/problem06"
 DynamicLoaderDarwin::UnloadAllImages[1] CBCD7D35-E8E9-3E64-B80B-B254B042AFBF (x86_64) "/usr/lib/dyld"
 DynamicLoaderDarwin::UnloadAllImages[2] 9B28AFCF-A3B3-339D-AE95-212A38769361 (x86_64) "/usr/lib/libSystem.B.dylib"
 DynamicLoaderDarwin::UnloadAllImages[3] 7DC8642E-135E-3AA2-87FF-3BFC9729A684 (x86_64) "/usr/lib/system/libcache.dylib"
 DynamicLoaderDarwin::UnloadAllImages[4] 1CA9FEB7-91BB-305B-9334-8184D4439EFE (x86_64) "/usr/lib/system/libcommonCrypto.dylib"
 DynamicLoaderDarwin::UnloadAllImages[5] A8910D07-0AFB-3ADC-83A4-23A738DD60E0 (x86_64) "/usr/lib/system/libcompiler_rt.dylib"
 DynamicLoaderDarwin::UnloadAllImages[6] BD827BA8-6F15-371C-8EA8-87D193BB210C (x86_64) "/usr/lib/system/libcopyfile.dylib"
 DynamicLoaderDarwin::UnloadAllImages[7] FB71E9E5-EC0D-3B60-8801-BCE26BFD3192 (x86_64) "/usr/lib/system/libcorecrypto.dylib"
 DynamicLoaderDarwin::UnloadAllImages[8] 85C90F84-C537-3CC6-B795-A066E050FFE3 (x86_64) "/usr/lib/system/libdispatch.dylib"
 DynamicLoaderDarwin::UnloadAllImages[9] B303ED5D-C1C9-39A1-9002-8F6FFB164786 (x86_64) "/usr/lib/system/libdyld.dylib"
 DynamicLoaderDarwin::UnloadAllImages[10] 6879116A-F1D7-31C7-8426-D2C5502D7C4A (x86_64) "/usr/lib/system/libkeymgr.dylib"
 DynamicLoaderDarwin::UnloadAllImages[11] B59A7564-FBC8-340A-A77A-5C7224BD1427 (x86_64) "/usr/lib/system/libmacho.dylib"
 DynamicLoaderDarwin::UnloadAllImages[12] BD99E335-F638-3EDD-BB3B-12FDBFA14D03 (x86_64) "/usr/lib/system/libquarantine.dylib"
 DynamicLoaderDarwin::UnloadAllImages[13] 05AB6ED5-C0B0-3F80-80C3-6A5A7E26EB52 (x86_64) "/usr/lib/system/libremovefile.dylib"
 DynamicLoaderDarwin::UnloadAllImages[14] C7553568-15AE-3706-978A-6D9C6CD63B66 (x86_64) "/usr/lib/system/libsystem_asl.dylib"
 DynamicLoaderDarwin::UnloadAllImages[15] F44F0D7C-74FD-37FD-8267-8D3AEC7E7FB8 (x86_64) "/usr/lib/system/libsystem_blocks.dylib"
 DynamicLoaderDarwin::UnloadAllImages[16] 4ECD1661-9D96-3669-BB31-4C6D5C685D4C (x86_64) "/usr/lib/system/libsystem_c.dylib"
 DynamicLoaderDarwin::UnloadAllImages[17] 078FFE74-41B6-3711-96AD-A65181CF2E74 (x86_64) "/usr/lib/system/libsystem_collections.dylib"
 DynamicLoaderDarwin::UnloadAllImages[18] A84FF813-4212-3B75-A0D5-8C5E86E22348 (x86_64) "/usr/lib/system/libsystem_configuration.dylib"
 DynamicLoaderDarwin::UnloadAllImages[19] 6A54130A-DE34-3706-B413-C2084CB9BBF9 (x86_64) "/usr/lib/system/libsystem_containermanager.dylib"
 DynamicLoaderDarwin::UnloadAllImages[20] 01401488-79F9-31BA-A2B4-E1104DAE2DB3 (x86_64) "/usr/lib/system/libsystem_coreservices.dylib"
 DynamicLoaderDarwin::UnloadAllImages[21] 26467112-ACEE-382F-8225-9A24A8469C40 (x86_64) "/usr/lib/system/libsystem_darwin.dylib"
 DynamicLoaderDarwin::UnloadAllImages[22] A7CB2B70-28F0-39AA-B26F-C8904A929C81 (x86_64) "/usr/lib/system/libsystem_dnssd.dylib"
 DynamicLoaderDarwin::UnloadAllImages[23] B3AC75A9-B6FA-3AEC-BA39-06CB49370793 (x86_64) "/usr/lib/system/libsystem_featureflags.dylib"
 DynamicLoaderDarwin::UnloadAllImages[24] 98FAB899-5F72-3B49-96BF-0E4E2DEFAAA4 (x86_64) "/usr/lib/system/libsystem_info.dylib"
 DynamicLoaderDarwin::UnloadAllImages[25] B47F5E36-7824-3ACA-B0C1-FBAF12B9DE06 (x86_64h) "/usr/lib/system/libsystem_m.dylib"
 DynamicLoaderDarwin::UnloadAllImages[26] 2EA05464-FAC2-32FE-8E03-94252869554D (x86_64) "/usr/lib/system/libsystem_malloc.dylib"
 DynamicLoaderDarwin::UnloadAllImages[27] CF777E15-F69C-3F9D-A433-59C1921E87EA (x86_64) "/usr/lib/system/libsystem_networkextension.dylib"
 DynamicLoaderDarwin::UnloadAllImages[28] 02240282-9983-3F0E-AF7D-FF4B824330C6 (x86_64) "/usr/lib/system/libsystem_notify.dylib"
 DynamicLoaderDarwin::UnloadAllImages[29] 7D020B83-9765-3725-8C8E-8A10150AFA2A (x86_64) "/usr/lib/system/libsystem_product_info_filter.dylib"
 DynamicLoaderDarwin::UnloadAllImages[30] E1598FD0-B75B-3059-99D4-581A88FCFBC4 (x86_64) "/usr/lib/system/libsystem_sandbox.dylib"
 DynamicLoaderDarwin::UnloadAllImages[31] 92DFDFC0-23A4-3929-844E-CF517A3E17DA (x86_64) "/usr/lib/system/libsystem_secinit.dylib"
 DynamicLoaderDarwin::UnloadAllImages[32] 0A89408A-BEE0-30E0-A8B0-9BEEF1FACE7D (x86_64) "/usr/lib/system/libsystem_kernel.dylib"
 DynamicLoaderDarwin::UnloadAllImages[33] 92C1278D-2673-3513-8239-3DA30EA67648 (x86_64) "/usr/lib/system/libsystem_platform.dylib"
 DynamicLoaderDarwin::UnloadAllImages[34] E097F78F-FCFB-30F3-9164-DBC9709BA134 (x86_64) "/usr/lib/system/libsystem_pthread.dylib"
 DynamicLoaderDarwin::UnloadAllImages[35] 1D52A047-A16C-3EF2-A63E-A983240AC65E (x86_64) "/usr/lib/system/libsystem_symptoms.dylib"
 DynamicLoaderDarwin::UnloadAllImages[36] D30232CE-9AAB-3209-B16A-29813C9BB726 (x86_64) "/usr/lib/system/libsystem_trace.dylib"
 DynamicLoaderDarwin::UnloadAllImages[37] FED5B053-635B-3A3C-9620-7F139F6B3659 (x86_64) "/usr/lib/system/libunwind.dylib"
 DynamicLoaderDarwin::UnloadAllImages[38] 1FBFC4ED-5845-3E4A-946A-D07ADA2A547D (x86_64) "/usr/lib/system/libxpc.dylib"
 DynamicLoaderDarwin::UnloadAllImages[39] B36A2B52-68A9-3E44-B927-71C24BE1272F (x86_64h) "/usr/lib/libobjc.A.dylib"
 DynamicLoaderDarwin::UnloadAllImages[40] 69AC868B-1157-364A-984A-5EF26973F661 (x86_64) "/usr/lib/libc++abi.dylib"
 DynamicLoaderDarwin::UnloadAllImages[41] 5DA69B44-04A6-3C64-B240-E73982DCE12F (x86_64) "/usr/lib/liboah.dylib"
 DynamicLoaderDarwin::UnloadAllImages[42] A372724F-4642-369B-A01B-28E1F5E83FF1 (x86_64) "/usr/lib/libc++.1.dylib"
 Breakpoint::ModulesChanged: num_modules: 43 load: 0 delete_locations: 0

 Initial module fetch:  Adding 2 modules.

 Found executable module: /Users/yashwanthprakash/Desktop/SEM 2/TERM 1/PSC/c_activites_sets/set03/problem06
 Found dyld module: /usr/lib/dyld
 Adding new image at address=0x0000000100010000.
 address=0x0000000100010000 modtime=0x00000000 uuid=CBCD7D35-E8E9-3E64-B80B-B254B042AFBF path='/usr/lib/dyld'
 		          __TEXT [0x0000000100010000 - 0x000000010007c000) slide = 0x100010000
 		    __DATA_CONST [0x000000010007c000 - 0x0000000100090000) slide = 0x100010000
 		          __DATA [0x0000000100090000 - 0x0000000100094000) slide = 0x100010000
 		      __LINKEDIT [0x0000000100094000 - 0x00000001000c8000) slide = 0x100010000
 Adding new image at address=0x0000000100000000.
 address=0x0000000100000000 modtime=0x00000000 uuid=55095FCF-451E-397C-8B5F-E599BD19DD0B path='/Users/yashwanthprakash/Desktop/SEM 2/TERM 1/PSC/c_activites_sets/set03/problem06'
 		      __PAGEZERO [0x0000000000000000 - 0x0000000100000000)
 		          __TEXT [0x0000000100000000 - 0x0000000100004000)
 		    __DATA_CONST [0x0000000100004000 - 0x0000000100008000)
 		          __DATA [0x0000000100008000 - 0x000000010000c000)
 		      __LINKEDIT [0x000000010000c000 - 0x0000000100010000)
 DynamicLoaderDarwin::ModulesDidLoad[0] CBCD7D35-E8E9-3E64-B80B-B254B042AFBF (x86_64) "/usr/lib/dyld"
 DynamicLoaderDarwin::ModulesDidLoad[1] 55095FCF-451E-397C-8B5F-E599BD19DD0B (x86_64) "/Users/yashwanthprakash/Desktop/SEM 2/TERM 1/PSC/c_activites_sets/set03/problem06"
 Breakpoint::ModulesChanged: num_modules: 2 load: 1 delete_locations: 0

 GDBRemoteCommunicationClient::SendGDBStoppointTypePacket() add at addr = 0x100003d03
 Target::AddBreakpoint (internal = yes) => break_id = -1: name = '_dyld_debugger_notification', language = c, module = dyld


 GDBRemoteCommunicationClient::SendGDBStoppointTypePacket() add at addr = 0x100011a88
 after DynamicLoader::DidAttach(), target executable is /Users/yashwanthprakash/Desktop/SEM 2/TERM 1/PSC/c_activites_sets/set03/problem06 (using macos-dyld plugin)
 after SystemRuntime::DidAttach(), target executable is /Users/yashwanthprakash/Desktop/SEM 2/TERM 1/PSC/c_activites_sets/set03/problem06 (using systemruntime-macosx plugin)
 Ran next event action, result was 0.
 0x7f8457978e78: tid = 0x1f7c0: stop info = <NULL> (stop_id = 1)
 0x7f8457978e78: tid = 0x1f7c0: stop info = signal SIGSTOP (stop_id = 1)
 
 ThreadList::ShouldStop: 1 threads, 1 unsuspended threads
 Thread::ShouldStop(0x7f8457978e78) for tid = 0x1f7c0 0x1f7c0, pc = 0x0000000100014ae0
 ^^^^^^^^ Thread::ShouldStop Begin ^^^^^^^^
 Plan stack initial state:
  thread #1: tid = 0x1f7c0:
    Active plan stack:
      Element 0: Base thread plan.

 Base plan discarding thread plans for thread tid = 0x1f7c0 (signal: signal SIGSTOP)
 Discarding thread plans for thread (tid = 0x1f7c0, force 0)
 Base plan says should stop: 1.
 Plan stack final state:
  thread #1: tid = 0x1f7c0:
    Active plan stack:
      Element 0: Base thread plan.

 vvvvvvvv Thread::ShouldStop End (returning 1) vvvvvvvv
 ThreadList::ShouldStop overall should_stop = 1
 Frame #0 not recognized
 Process::ShouldBroadcastEvent (0x7f84579b3ff0) => new state: stopped, last broadcast state: stopped - YES
 Process::HandlePrivateEvent (pid = 5619) broadcasting new state stopped (old state attaching) to hijacked
 timeout = <infinite>, event_sp)...
 Process::SetPublicState (state = stopped, restarted = 0)
 timeout = <infinite>, event_sp) => stopped
 Process::PrivateResume() m_stop_id = 1, public state: stopped private state: stopped
 WillResume Thread #1 (0x0x7f8457978e78): tid = 0x1f7c0, pc = 0x100014ae0, sp = 0x7ff7bfeff3a0, fp = 0x00000000, plan = 'base plan', state = running, stop others = 0
 Process::SetPrivateState (running)
 Current Plan for thread 1(0x7f8457978e78) (0x1f7c0, running): base plan being asked whether we should report run.
 Process::ShouldBroadcastEvent (0x7f8456ffe8f0) => new state: running, last broadcast state: running - YES
 Process::HandlePrivateEvent (pid = 5619) broadcasting new state running (old state stopped) to public
 Process::PushProcessIOHandler pushing IO handler
 Process thinks the process has resumed.
 Process::HandlePrivateEvent updated m_iohandler_sync to 1
 timeout = <infinite>, event_sp)...
 Process::SetPublicState (state = running, restarted = 0)
 waited from m_iohandler_sync to change from 0. New value is 1.
 HandleCommand, command succeeded
 Process::SetPrivateState (stopped)
 Process::SetPrivateState (stopped) stop_id = 2
 0x7f8457978e78: tid = 0x1f7c0: stop info = <NULL> (stop_id = 2)
 0x7f8457978e78: tid = 0x1f7c0: stop info = shared-library-event (stop_id = 2)
 
 ThreadList::ShouldStop: 1 threads, 1 unsuspended threads
 Thread::ShouldStop(0x7f8457978e78) for tid = 0x1f7c0 0x1f7c0, pc = 0x0000000100011a88
 ^^^^^^^^ Thread::ShouldStop Begin ^^^^^^^^
 Plan stack initial state:
  thread #1: tid = 0x1f7c0:
    Active plan stack:
      Element 0: Base thread plan.

 Adding 1 modules.
 Adding new image at address=0x0000000100000000.
 address=0x0000000100000000 modtime=0x00000000 uuid=55095FCF-451E-397C-8B5F-E599BD19DD0B path='/Users/yashwanthprakash/Desktop/SEM 2/TERM 1/PSC/c_activites_sets/set03/problem06'
 		      __PAGEZERO [0x0000000000000000 - 0x0000000100000000)
 		          __TEXT [0x0000000100000000 - 0x0000000100004000)
 		    __DATA_CONST [0x0000000100004000 - 0x0000000100008000)
 		          __DATA [0x0000000100008000 - 0x000000010000c000)
 		      __LINKEDIT [0x000000010000c000 - 0x0000000100010000)
 Hit breakpoint location: -1.1: 
  module = /usr/lib/dyld
  symbol = _dyld_debugger_notification
  address = 0x0000000100011a88
  resolved = true
  hardware = false
  hit count = 1   
, continuing.

 StopInfo::ShouldStop async callback says we should not stop, returning ShouldStop of false.
 ThreadList::ShouldStop overall should_stop = 0
 ThreadList::ShouldReportStop 1 threads
 Thread::ShouldReportStop() tid = 0x1f7c0: returning vote 0 for current plan
 Returning no opinion
 Process::ShouldBroadcastEvent: should_resume: 1 state: stopped was_restarted: 0 report_stop_vote: 0.
 Process::ShouldBroadcastEvent (0x7f845a2cece0) Restarting process from state: stopped
 Process::PrivateResume() m_stop_id = 2, public state: running private state: stopped
 Thread::PushPlan(0x0x7f8457978e78): "Single stepping past breakpoint site 2 at 0x100011a88", tid = 0x1f7c0.
 WillResume Thread #1 (0x0x7f8457978e78): tid = 0x1f7c0, pc = 0x100011a88, sp = 0x7ff7bfefe918, fp = 0x7ff7bfefe9d0, plan = 'Step over breakpoint trap', state = stepping, stop others = 1
 GDBRemoteCommunicationClient::SendGDBStoppointTypePacket() remove at addr = 0x100011a88
 Process::SetPrivateState (running)
 Process thinks the process has resumed.
 Process::ShouldBroadcastEvent (0x7f845a2cece0) => new state: stopped, last broadcast state: running - NO
 Process::HandlePrivateEvent (pid = 5619) suppressing state stopped (old state running): should_broadcast == false
 timeout = <infinite>, event_sp)...
 Process::ShouldBroadcastEvent (0x7f845a2cec10) => new state: running, last broadcast state: running - NO
 Process::HandlePrivateEvent (pid = 5619) suppressing state running (old state running): should_broadcast == false
 timeout = <infinite>, event_sp)...
 Process::SetPrivateState (stopped)
 Process::SetPrivateState (stopped) stop_id = 3
 0x7f8457978e78: tid = 0x1f7c0: stop info = <NULL> (stop_id = 3)
 0x7f8457978e78: tid = 0x1f7c0: stop info = trace (stop_id = 3)
 
 ThreadList::ShouldStop: 1 threads, 1 unsuspended threads
 Thread::ShouldStop(0x7f8457978e78) for tid = 0x1f7c0 0x1f7c0, pc = 0x0000000100011a89
 ^^^^^^^^ Thread::ShouldStop Begin ^^^^^^^^
 Plan stack initial state:
  thread #1: tid = 0x1f7c0:
    Active plan stack:
      Element 0: Base thread plan.
      Element 1: Single stepping past breakpoint site 2 at 0x100011a88

 Step over breakpoint stopped for reason: trace.
 Plan Step over breakpoint trap should stop: 0.
 Completed step over breakpoint plan.
 GDBRemoteCommunicationClient::SendGDBStoppointTypePacket() add at addr = 0x100011a88
 Plan Step over breakpoint trap auto-continue: true.
 Popping plan: "Step over breakpoint trap", tid = 0x1f7c0.
 Plan stack final state:
  thread #1: tid = 0x1f7c0:
    Active plan stack:
      Element 0: Base thread plan.
    Completed plan stack:
      Element 0: Single stepping past breakpoint site 2 at 0x100011a88

 vvvvvvvv Thread::ShouldStop End (returning 0) vvvvvvvv
 ThreadList::ShouldStop overall should_stop = 0
 ThreadList::ShouldReportStop 1 threads
 Thread::ShouldReportStop() tid = 0x1f7c0: returning vote  for complete stack's back plan
 Returning vote: no
 Returning no
 Process::ShouldBroadcastEvent: should_resume: 1 state: stopped was_restarted: 0 report_stop_vote: -1.
 Process::ShouldBroadcastEvent (0x7f8457b381f0) Restarting process from state: stopped
 Process::PrivateResume() m_stop_id = 3, public state: running private state: stopped
 WillResume Thread #1 (0x0x7f8457978e78): tid = 0x1f7c0, pc = 0x100011a89, sp = 0x7ff7bfefe910, fp = 0x7ff7bfefe9d0, plan = 'base plan', state = running, stop others = 0
 Process::SetPrivateState (running)
 Process thinks the process has resumed.
 Process::ShouldBroadcastEvent (0x7f8457b381f0) => new state: stopped, last broadcast state: running - NO
 Process::HandlePrivateEvent (pid = 5619) suppressing state stopped (old state running): should_broadcast == false
 timeout = <infinite>, event_sp)...
 Process::ShouldBroadcastEvent (0x7f8457a26090) => new state: running, last broadcast state: running - NO
 Process::HandlePrivateEvent (pid = 5619) suppressing state running (old state running): should_broadcast == false
 timeout = <infinite>, event_sp)...
 Process::SetPrivateState (stopped)
 Process::SetPrivateState (stopped) stop_id = 4
 0x7f8457978e78: tid = 0x1f7c0: stop info = <NULL> (stop_id = 4)
 0x7f8457978e78: tid = 0x1f7c0: stop info = shared-library-event (stop_id = 4)
 
 ThreadList::ShouldStop: 1 threads, 1 unsuspended threads
 Thread::ShouldStop(0x7f8457978e78) for tid = 0x1f7c0 0x1f7c0, pc = 0x0000000100011a88
 ^^^^^^^^ Thread::ShouldStop Begin ^^^^^^^^
 Plan stack initial state:
  thread #1: tid = 0x1f7c0:
    Active plan stack:
      Element 0: Base thread plan.

 Adding 41 modules.
 Adding new image at address=0x00007ff8116b6000.
 address=0x00007ff8116b6000 modtime=0x00000000 uuid=9B28AFCF-A3B3-339D-AE95-212A38769361 path='/usr/lib/libSystem.B.dylib'
 		          __TEXT [0x00007ff8116b6000 - 0x00007ff8116b8000) slide = 0x6596000
 		          __DATA [0x00007ff84889d790 - 0x00007ff84889db28) slide = 0x6596000
 		      __LINKEDIT [0x00007ff88663e000 - 0x00007ff88ebfa31f) slide = 0x6596000
 Adding new image at address=0x00007ff8116b1000.
 address=0x00007ff8116b1000 modtime=0x00000000 uuid=7DC8642E-135E-3AA2-87FF-3BFC9729A684 path='/usr/lib/system/libcache.dylib'
 		          __TEXT [0x00007ff8116b1000 - 0x00007ff8116b6000) slide = 0x6596000
 		    __DATA_CONST [0x00007ff846dd3408 - 0x00007ff846dd3528) slide = 0x6596000
 		      __LINKEDIT [0x00007ff88663e000 - 0x00007ff88ebfa31f) slide = 0x6596000
 Adding new image at address=0x00007ff81166d000.
 address=0x00007ff81166d000 modtime=0x00000000 uuid=1CA9FEB7-91BB-305B-9334-8184D4439EFE path='/usr/lib/system/libcommonCrypto.dylib'
 		          __TEXT [0x00007ff81166d000 - 0x00007ff811679000) slide = 0x6596000
 		          __DATA [0x00007ff84889a650 - 0x00007ff84889bbd0) slide = 0x6596000
 		      __LINKEDIT [0x00007ff88663e000 - 0x00007ff88ebfa31f) slide = 0x6596000
 Adding new image at address=0x00007ff811696000.
 address=0x00007ff811696000 modtime=0x00000000 uuid=A8910D07-0AFB-3ADC-83A4-23A738DD60E0 path='/usr/lib/system/libcompiler_rt.dylib'
 		          __TEXT [0x00007ff811696000 - 0x00007ff81169e000) slide = 0x6596000
 		    __DATA_CONST [0x00007ff846dd2d30 - 0x00007ff846dd2db0) slide = 0x6596000
 		          __DATA [0x00007ff84889c4f0 - 0x00007ff84889d4f0) slide = 0x6596000
 		      __LINKEDIT [0x00007ff88663e000 - 0x00007ff88ebfa31f) slide = 0x6596000
 Adding new image at address=0x00007ff81168c000.
 address=0x00007ff81168c000 modtime=0x00000000 uuid=BD827BA8-6F15-371C-8EA8-87D193BB210C path='/usr/lib/system/libcopyfile.dylib'
 		          __TEXT [0x00007ff81168c000 - 0x00007ff811696000) slide = 0x6596000
 		    __DATA_CONST [0x00007ff846dd2650 - 0x00007ff846dd2d30) slide = 0x6596000
 		          __DATA [0x00007ff84889c4e0 - 0x00007ff84889c4f0) slide = 0x6596000
 		      __LINKEDIT [0x00007ff88663e000 - 0x00007ff88ebfa31f) slide = 0x6596000
 Adding new image at address=0x00007ff80663f000.
 address=0x00007ff80663f000 modtime=0x00000000 uuid=FB71E9E5-EC0D-3B60-8801-BCE26BFD3192 path='/usr/lib/system/libcorecrypto.dylib'
 		          __TEXT [0x00007ff80663f000 - 0x00007ff8066d1000) slide = 0x6596000
 		    __DATA_CONST [0x00007ff84659d720 - 0x00007ff84659f3f0) slide = 0x6596000
 		          __DATA [0x00007ff848013270 - 0x00007ff84801aa88) slide = 0x6596000
 		    __DATA_DIRTY [0x00007ff848005848 - 0x00007ff848005fa0) slide = 0x6596000
 		      __LINKEDIT [0x00007ff88663e000 - 0x00007ff88ebfa31f) slide = 0x6596000
 Adding new image at address=0x00007ff8066fd000.
 address=0x00007ff8066fd000 modtime=0x00000000 uuid=85C90F84-C537-3CC6-B795-A066E050FFE3 path='/usr/lib/system/libdispatch.dylib'
 		          __TEXT [0x00007ff8066fd000 - 0x00007ff806744000) slide = 0x6596000
 		    __DATA_CONST [0x00007ff84659fa00 - 0x00007ff8465b3e38) slide = 0x6596000
 		          __DATA [0x00007ff848028200 - 0x00007ff8480295e8) slide = 0x6596000
 		    __DATA_DIRTY [0x00007ff848005fc0 - 0x00007ff848009990) slide = 0x6596000
 		      __LINKEDIT [0x00007ff88663e000 - 0x00007ff88ebfa31f) slide = 0x6596000
 Adding new image at address=0x00007ff8068be000.
 address=0x00007ff8068be000 modtime=0x00000000 uuid=B303ED5D-C1C9-39A1-9002-8F6FFB164786 path='/usr/lib/system/libdyld.dylib'
 		          __TEXT [0x00007ff8068be000 - 0x00007ff8068ca000) slide = 0x6596000
 		    __DATA_CONST [0x00007ff8465bfc60 - 0x00007ff8465c05e0) slide = 0x6596000
 		          __DATA [0x00007ff84803b4e0 - 0x00007ff84803b558) slide = 0x6596000
 		    __DATA_DIRTY [0x00007ff848009990 - 0x00007ff8480099b0) slide = 0x6596000
 		      __LINKEDIT [0x00007ff88663e000 - 0x00007ff88ebfa31f) slide = 0x6596000
 Adding new image at address=0x00007ff8116a8000.
 address=0x00007ff8116a8000 modtime=0x00000000 uuid=6879116A-F1D7-31C7-8426-D2C5502D7C4A path='/usr/lib/system/libkeymgr.dylib'
 		          __TEXT [0x00007ff8116a8000 - 0x00007ff8116a9000) slide = 0x6596000
 		    __DATA_CONST [0x00007ff846dd3398 - 0x00007ff846dd3408) slide = 0x6596000
 		      __LINKEDIT [0x00007ff88663e000 - 0x00007ff88ebfa31f) slide = 0x6596000
 Adding new image at address=0x00007ff81164b000.
 address=0x00007ff81164b000 modtime=0x00000000 uuid=B59A7564-FBC8-340A-A77A-5C7224BD1427 path='/usr/lib/system/libmacho.dylib'
 		          __TEXT [0x00007ff81164b000 - 0x00007ff811651000) slide = 0x6596000
 		    __DATA_CONST [0x00007ff846dd1810 - 0x00007ff846dd1fd0) slide = 0x6596000
 		          __DATA [0x00007ff84889a5b0 - 0x00007ff84889a5b8) slide = 0x6596000
 		      __LINKEDIT [0x00007ff88663e000 - 0x00007ff88ebfa31f) slide = 0x6596000
 Adding new image at address=0x00007ff810ccc000.
 address=0x00007ff810ccc000 modtime=0x00000000 uuid=BD99E335-F638-3EDD-BB3B-12FDBFA14D03 path='/usr/lib/system/libquarantine.dylib'
 		          __TEXT [0x00007ff810ccc000 - 0x00007ff810ccf000) slide = 0x6596000
 		          __DATA [0x00007ff84883d520 - 0x00007ff84883d690) slide = 0x6596000
 		      __LINKEDIT [0x00007ff88663e000 - 0x00007ff88ebfa31f) slide = 0x6596000
 Adding new image at address=0x00007ff8116a6000.
 address=0x00007ff8116a6000 modtime=0x00000000 uuid=05AB6ED5-C0B0-3F80-80C3-6A5A7E26EB52 path='/usr/lib/system/libremovefile.dylib'
 		          __TEXT [0x00007ff8116a6000 - 0x00007ff8116a8000) slide = 0x6596000
 		    __DATA_CONST [0x00007ff846dd3230 - 0x00007ff846dd3398) slide = 0x6596000
 		      __LINKEDIT [0x00007ff88663e000 - 0x00007ff88ebfa31f) slide = 0x6596000
 Adding new image at address=0x00007ff80b857000.
 address=0x00007ff80b857000 modtime=0x00000000 uuid=C7553568-15AE-3706-978A-6D9C6CD63B66 path='/usr/lib/system/libsystem_asl.dylib'
 		          __TEXT [0x00007ff80b857000 - 0x00007ff80b86e000) slide = 0x6596000
 		    __DATA_CONST [0x00007ff846abc860 - 0x00007ff846abd8d0) slide = 0x6596000
 		          __DATA [0x00007ff8481efa00 - 0x00007ff8481efb10) slide = 0x6596000
 		    __DATA_DIRTY [0x00007ff8480099b0 - 0x00007ff848009b24) slide = 0x6596000
 		      __LINKEDIT [0x00007ff88663e000 - 0x00007ff88ebfa31f) slide = 0x6596000
 Adding new image at address=0x00007ff8065e8000.
 address=0x00007ff8065e8000 modtime=0x00000000 uuid=F44F0D7C-74FD-37FD-8267-8D3AEC7E7FB8 path='/usr/lib/system/libsystem_blocks.dylib'
 		          __TEXT [0x00007ff8065e8000 - 0x00007ff8065ea000) slide = 0x6596000
 		    __DATA_CONST [0x00007ff846596000 - 0x00007ff8465964c0) slide = 0x6596000
 		          __DATA [0x00007ff848012000 - 0x00007ff848012078) slide = 0x6596000
 		    __DATA_DIRTY [0x00007ff848009b28 - 0x00007ff848009d20) slide = 0x6596000
 		      __LINKEDIT [0x00007ff88663e000 - 0x00007ff88ebfa31f) slide = 0x6596000
 Adding new image at address=0x00007ff806782000.
 address=0x00007ff806782000 modtime=0x00000000 uuid=4ECD1661-9D96-3669-BB31-4C6D5C685D4C path='/usr/lib/system/libsystem_c.dylib'
 		          __TEXT [0x00007ff806782000 - 0x00007ff80680b000) slide = 0x6596000
 		    __DATA_CONST [0x00007ff8465b5980 - 0x00007ff8465b7af0) slide = 0x6596000
 		          __DATA [0x00007ff84802e580 - 0x00007ff8480314b8) slide = 0x6596000
 		    __DATA_DIRTY [0x00007ff848009d20 - 0x00007ff84800c8f8) slide = 0x6596000
 		      __LINKEDIT [0x00007ff88663e000 - 0x00007ff88ebfa31f) slide = 0x6596000
 Adding new image at address=0x00007ff81169e000.
 address=0x00007ff81169e000 modtime=0x00000000 uuid=078FFE74-41B6-3711-96AD-A65181CF2E74 path='/usr/lib/system/libsystem_collections.dylib'
 		          __TEXT [0x00007ff81169e000 - 0x00007ff8116a3000) slide = 0x6596000
 		    __DATA_CONST [0x00007ff846dd2db0 - 0x00007ff846dd2f08) slide = 0x6596000
 		      __LINKEDIT [0x00007ff88663e000 - 0x00007ff88ebfa31f) slide = 0x6596000
 Adding new image at address=0x00007ff80ff80000.
 address=0x00007ff80ff80000 modtime=0x00000000 uuid=A84FF813-4212-3B75-A0D5-8C5E86E22348 path='/usr/lib/system/libsystem_configuration.dylib'
 		          __TEXT [0x00007ff80ff80000 - 0x00007ff80ff84000) slide = 0x6596000
 		          __DATA [0x00007ff8487cf908 - 0x00007ff8487cfe99) slide = 0x6596000
 		      __LINKEDIT [0x00007ff88663e000 - 0x00007ff88ebfa31f) slide = 0x6596000
 Adding new image at address=0x00007ff80f229000.
 address=0x00007ff80f229000 modtime=0x00000000 uuid=6A54130A-DE34-3706-B413-C2084CB9BBF9 path='/usr/lib/system/libsystem_containermanager.dylib'
 		          __TEXT [0x00007ff80f229000 - 0x00007ff80f246000) slide = 0x6596000
 		          __DATA [0x00007ff8485e2710 - 0x00007ff8485e46f8) slide = 0x6596000
 		      __LINKEDIT [0x00007ff88663e000 - 0x00007ff88ebfa31f) slide = 0x6596000
 Adding new image at address=0x00007ff811383000.
 address=0x00007ff811383000 modtime=0x00000000 uuid=01401488-79F9-31BA-A2B4-E1104DAE2DB3 path='/usr/lib/system/libsystem_coreservices.dylib'
 		          __TEXT [0x00007ff811383000 - 0x00007ff811388000) slide = 0x6596000
 		          __DATA [0x00007ff848858ca0 - 0x00007ff848859768) slide = 0x6596000
 		      __LINKEDIT [0x00007ff88663e000 - 0x00007ff88ebfa31f) slide = 0x6596000
 Adding new image at address=0x00007ff808ef5000.
 address=0x00007ff808ef5000 modtime=0x00000000 uuid=26467112-ACEE-382F-8225-9A24A8469C40 path='/usr/lib/system/libsystem_darwin.dylib'
 		          __TEXT [0x00007ff808ef5000 - 0x00007ff808eff000) slide = 0x6596000
 		    __DATA_CONST [0x00007ff8467775b0 - 0x00007ff84677a380) slide = 0x6596000
 		          __DATA [0x00007ff8480ce398 - 0x00007ff8480ce3a8) slide = 0x6596000
 		    __DATA_DIRTY [0x00007ff84800c8f8 - 0x00007ff84800c928) slide = 0x6596000
 		      __LINKEDIT [0x00007ff88663e000 - 0x00007ff88ebfa31f) slide = 0x6596000
 Adding new image at address=0x00007ff8116a9000.
 address=0x00007ff8116a9000 modtime=0x00000000 uuid=A7CB2B70-28F0-39AA-B26F-C8904A929C81 path='/usr/lib/system/libsystem_dnssd.dylib'
 		          __TEXT [0x00007ff8116a9000 - 0x00007ff8116b1000) slide = 0x6596000
 		          __DATA [0x00007ff84889d530 - 0x00007ff84889d790) slide = 0x6596000
 		      __LINKEDIT [0x00007ff88663e000 - 0x00007ff88ebfa31f) slide = 0x6596000
 Adding new image at address=0x00007ff80677f000.
 address=0x00007ff80677f000 modtime=0x00000000 uuid=B3AC75A9-B6FA-3AEC-BA39-06CB49370793 path='/usr/lib/system/libsystem_featureflags.dylib'
 		          __TEXT [0x00007ff80677f000 - 0x00007ff806782000) slide = 0x6596000
 		    __DATA_CONST [0x00007ff8465b57c8 - 0x00007ff8465b5978) slide = 0x6596000
 		          __DATA [0x00007ff84802e540 - 0x00007ff84802e579) slide = 0x6596000
 		    __DATA_DIRTY [0x00007ff84800c928 - 0x00007ff84800c938) slide = 0x6596000
 		      __LINKEDIT [0x00007ff88663e000 - 0x00007ff88ebfa31f) slide = 0x6596000
 Adding new image at address=0x00007ff8068d4000.
 address=0x00007ff8068d4000 modtime=0x00000000 uuid=98FAB899-5F72-3B49-96BF-0E4E2DEFAAA4 path='/usr/lib/system/libsystem_info.dylib'
 		          __TEXT [0x00007ff8068d4000 - 0x00007ff8068ff000) slide = 0x6596000
 		    __DATA_CONST [0x00007ff8465c05e0 - 0x00007ff8465c1c88) slide = 0x6596000
 		          __DATA [0x00007ff84803b5a0 - 0x00007ff84803c2e8) slide = 0x6596000
 		    __DATA_DIRTY [0x00007ff84800c940 - 0x00007ff84800cbd0) slide = 0x6596000
 		      __LINKEDIT [0x00007ff88663e000 - 0x00007ff88ebfa31f) slide = 0x6596000
 Adding new image at address=0x00007ff8115e9000.
 address=0x00007ff8115e9000 modtime=0x00000000 uuid=B47F5E36-7824-3ACA-B0C1-FBAF12B9DE06 path='/usr/lib/system/libsystem_m.dylib'
 		          __TEXT [0x00007ff8115e9000 - 0x00007ff81164a000) slide = 0x6596000
 		    __DATA_CONST [0x00007ff849781f08 - 0x00007ff849781f28) slide = 0x6596000
 		          __DATA [0x00007ff84889a570 - 0x00007ff84889a574) slide = 0x6596000
 		    __DATA_DIRTY [0x00007ff84800d2a0 - 0x00007ff84800d360) slide = 0x6596000
 		      __LINKEDIT [0x00007ff88663e000 - 0x00007ff88ebfa31f) slide = 0x6596000
 Adding new image at address=0x00007ff8066d1000.
 address=0x00007ff8066d1000 modtime=0x00000000 uuid=2EA05464-FAC2-32FE-8E03-94252869554D path='/usr/lib/system/libsystem_malloc.dylib'
 		          __TEXT [0x00007ff8066d1000 - 0x00007ff8066fd000) slide = 0x6596000
 		    __DATA_CONST [0x00007ff84659f3f0 - 0x00007ff84659f9f8) slide = 0x6596000
 		          __DATA [0x00007ff84801e000 - 0x00007ff8480281e4) slide = 0x6596000
 		    __DATA_DIRTY [0x00007ff84800d360 - 0x00007ff84800d578) slide = 0x6596000
 		      __LINKEDIT [0x00007ff88663e000 - 0x00007ff88ebfa31f) slide = 0x6596000
 Adding new image at address=0x00007ff80b7f2000.
 address=0x00007ff80b7f2000 modtime=0x00000000 uuid=CF777E15-F69C-3F9D-A433-59C1921E87EA path='/usr/lib/system/libsystem_networkextension.dylib'
 		          __TEXT [0x00007ff80b7f2000 - 0x00007ff80b809000) slide = 0x6596000
 		    __DATA_CONST [0x00007ff846a6e090 - 0x00007ff846a6f150) slide = 0x6596000
 		          __DATA [0x00007ff8481eedd0 - 0x00007ff8481ef3e1) slide = 0x6596000
 		    __DATA_DIRTY [0x00007ff84800d580 - 0x00007ff84800d5e9) slide = 0x6596000
 		      __LINKEDIT [0x00007ff88663e000 - 0x00007ff88ebfa31f) slide = 0x6596000
 Adding new image at address=0x00007ff80931f000.
 address=0x00007ff80931f000 modtime=0x00000000 uuid=02240282-9983-3F0E-AF7D-FF4B824330C6 path='/usr/lib/system/libsystem_notify.dylib'
 		          __TEXT [0x00007ff80931f000 - 0x00007ff80932e000) slide = 0x6596000
 		    __DATA_CONST [0x00007ff84679eb80 - 0x00007ff84679f040) slide = 0x6596000
 		          __DATA [0x00007ff8480d6180 - 0x00007ff8480d61d1) slide = 0x6596000
 		    __DATA_DIRTY [0x00007ff84800d5f0 - 0x00007ff84800d5f8) slide = 0x6596000
 		      __LINKEDIT [0x00007ff88663e000 - 0x00007ff88ebfa31f) slide = 0x6596000
 Adding new image at address=0x00007ff81792a000.
 address=0x00007ff81792a000 modtime=0x00000000 uuid=7D020B83-9765-3725-8C8E-8A10150AFA2A path='/usr/lib/system/libsystem_product_info_filter.dylib'
 		          __TEXT [0x00007ff81792a000 - 0x00007ff81792b000) slide = 0x6596000
 		      __LINKEDIT [0x00007ff88663e000 - 0x00007ff88ebfa31f) slide = 0x6596000
 Adding new image at address=0x00007ff80ff84000.
 address=0x00007ff80ff84000 modtime=0x00000000 uuid=E1598FD0-B75B-3059-99D4-581A88FCFBC4 path='/usr/lib/system/libsystem_sandbox.dylib'
 		          __TEXT [0x00007ff80ff84000 - 0x00007ff80ff8a000) slide = 0x6596000
 		          __DATA [0x00007ff8487cfea0 - 0x00007ff8487d0148) slide = 0x6596000
 		      __LINKEDIT [0x00007ff88663e000 - 0x00007ff88ebfa31f) slide = 0x6596000
 Adding new image at address=0x00007ff8116a3000.
 address=0x00007ff8116a3000 modtime=0x00000000 uuid=92DFDFC0-23A4-3929-844E-CF517A3E17DA path='/usr/lib/system/libsystem_secinit.dylib'
 		          __TEXT [0x00007ff8116a3000 - 0x00007ff8116a6000) slide = 0x6596000
 		    __DATA_CONST [0x00007ff846dd2f10 - 0x00007ff846dd3230) slide = 0x6596000
 		          __DATA [0x00007ff84889d4f0 - 0x00007ff84889d530) slide = 0x6596000
 		      __LINKEDIT [0x00007ff88663e000 - 0x00007ff88ebfa31f) slide = 0x6596000
 Adding new image at address=0x00007ff80687a000.
 address=0x00007ff80687a000 modtime=0x00000000 uuid=0A89408A-BEE0-30E0-A8B0-9BEEF1FACE7D path='/usr/lib/system/libsystem_kernel.dylib'
 		          __TEXT [0x00007ff80687a000 - 0x00007ff8068b2000) slide = 0x6596000
 		    __DATA_CONST [0x00007ff8465bd5b0 - 0x00007ff8465bfa00) slide = 0x6596000
 		          __DATA [0x00007ff84803b1e0 - 0x00007ff84803b459) slide = 0x6596000
 		    __DATA_DIRTY [0x00007ff84800cbd0 - 0x00007ff84800d2a0) slide = 0x6596000
 		      __LINKEDIT [0x00007ff88663e000 - 0x00007ff88ebfa31f) slide = 0x6596000
 Adding new image at address=0x00007ff8068ca000.
 address=0x00007ff8068ca000 modtime=0x00000000 uuid=92C1278D-2673-3513-8239-3DA30EA67648 path='/usr/lib/system/libsystem_platform.dylib'
 		          __TEXT [0x00007ff8068ca000 - 0x00007ff8068d4000) slide = 0x6596000
 		    __DATA_CONST [0x00007ff84941a000 - 0x00007ff84941a2a0) slide = 0x6596000
 		          __DATA [0x00007ff84803b558 - 0x00007ff84803b598) slide = 0x6596000
 		    __DATA_DIRTY [0x00007ff84800d5f8 - 0x00007ff84800d674) slide = 0x6596000
 		      __LINKEDIT [0x00007ff88663e000 - 0x00007ff88ebfa31f) slide = 0x6596000
 Adding new image at address=0x00007ff8068b2000.
 address=0x00007ff8068b2000 modtime=0x00000000 uuid=E097F78F-FCFB-30F3-9164-DBC9709BA134 path='/usr/lib/system/libsystem_pthread.dylib'
 		          __TEXT [0x00007ff8068b2000 - 0x00007ff8068be000) slide = 0x6596000
 		    __DATA_CONST [0x00007ff8465bfa00 - 0x00007ff8465bfc58) slide = 0x6596000
 		          __DATA [0x00007ff84803b460 - 0x00007ff84803b4d6) slide = 0x6596000
 		    __DATA_DIRTY [0x00007ff84800d680 - 0x00007ff84800ef30) slide = 0x6596000
 		      __LINKEDIT [0x00007ff88663e000 - 0x00007ff88ebfa31f) slide = 0x6596000
 Adding new image at address=0x00007ff80d0a5000.
 address=0x00007ff80d0a5000 modtime=0x00000000 uuid=1D52A047-A16C-3EF2-A63E-A983240AC65E path='/usr/lib/system/libsystem_symptoms.dylib'
 		          __TEXT [0x00007ff80d0a5000 - 0x00007ff80d0ad000) slide = 0x6596000
 		    __DATA_CONST [0x00007ff846b6bb40 - 0x00007ff846b6bfd0) slide = 0x6596000
 		          __DATA [0x00007ff8482ae5d8 - 0x00007ff8482ae618) slide = 0x6596000
 		    __DATA_DIRTY [0x00007ff84800ef30 - 0x00007ff84800ef40) slide = 0x6596000
 		      __LINKEDIT [0x00007ff88663e000 - 0x00007ff88ebfa31f) slide = 0x6596000
 Adding new image at address=0x00007ff806626000.
 address=0x00007ff806626000 modtime=0x00000000 uuid=D30232CE-9AAB-3209-B16A-29813C9BB726 path='/usr/lib/system/libsystem_trace.dylib'
 		          __TEXT [0x00007ff806626000 - 0x00007ff80663f000) slide = 0x6596000
 		    __DATA_CONST [0x00007ff84659c1c0 - 0x00007ff84659d720) slide = 0x6596000
 		          __DATA [0x00007ff848012d30 - 0x00007ff848013270) slide = 0x6596000
 		    __DATA_DIRTY [0x00007ff84800ef40 - 0x00007ff84800f3c8) slide = 0x6596000
 		      __LINKEDIT [0x00007ff88663e000 - 0x00007ff88ebfa31f) slide = 0x6596000
 Adding new image at address=0x00007ff811679000.
 address=0x00007ff811679000 modtime=0x00000000 uuid=FED5B053-635B-3A3C-9620-7F139F6B3659 path='/usr/lib/system/libunwind.dylib'
 		          __TEXT [0x00007ff811679000 - 0x00007ff811684000) slide = 0x6596000
 		    __DATA_CONST [0x00007ff846dd20f8 - 0x00007ff846dd2330) slide = 0x6596000
 		          __DATA [0x00007ff84889bbd0 - 0x00007ff84889c4d1) slide = 0x6596000
 		      __LINKEDIT [0x00007ff88663e000 - 0x00007ff88ebfa31f) slide = 0x6596000
 Adding new image at address=0x00007ff8065ea000.
 address=0x00007ff8065ea000 modtime=0x00000000 uuid=1FBFC4ED-5845-3E4A-946A-D07ADA2A547D path='/usr/lib/system/libxpc.dylib'
 		          __TEXT [0x00007ff8065ea000 - 0x00007ff806626000) slide = 0x6596000
 		    __DATA_CONST [0x00007ff8465964c0 - 0x00007ff84659c1b8) slide = 0x6596000
 		          __DATA [0x00007ff848012078 - 0x00007ff848012d30) slide = 0x6596000
 		    __DATA_DIRTY [0x00007ff84800f3c8 - 0x00007ff84800fe18) slide = 0x6596000
 		      __LINKEDIT [0x00007ff88663e000 - 0x00007ff88ebfa31f) slide = 0x6596000
 Adding new image at address=0x00007ff806864000.
 address=0x00007ff806864000 modtime=0x00000000 uuid=69AC868B-1157-364A-984A-5EF26973F661 path='/usr/lib/libc++abi.dylib'
 		          __TEXT [0x00007ff806864000 - 0x00007ff80687a000) slide = 0x6596000
 		    __DATA_CONST [0x00007ff8465ba2c8 - 0x00007ff8465bd5b0) slide = 0x6596000
 		          __DATA [0x00007ff84803ae90 - 0x00007ff84803b1d8) slide = 0x6596000
 		    __DATA_DIRTY [0x00007ff847fdd0f8 - 0x00007ff847fdd160) slide = 0x6596000
 		      __LINKEDIT [0x00007ff88663e000 - 0x00007ff88ebfa31f) slide = 0x6596000
 Adding new image at address=0x00007ff806744000.
 address=0x00007ff806744000 modtime=0x00000000 uuid=B36A2B52-68A9-3E44-B927-71C24BE1272F path='/usr/lib/libobjc.A.dylib'
 		          __TEXT [0x00007ff806744000 - 0x00007ff80677f000) slide = 0x6596000
 		    __DATA_CONST [0x00007ff8465b3e40 - 0x00007ff8465b57c8) slide = 0x6596000
 		          __DATA [0x00007ff84802a000 - 0x00007ff84802e531) slide = 0x6596000
 		    __DATA_DIRTY [0x00007ff847fe5180 - 0x00007ff847fe8070) slide = 0x6596000
 		       __OBJC_RO [0x00007ff820967000 - 0x00007ff825c42000) slide = 0x6596000
 		       __OBJC_RW [0x00007ff849912000 - 0x00007ff849c32000) slide = 0x6596000
 		      __LINKEDIT [0x00007ff88663e000 - 0x00007ff88ebfa31f) slide = 0x6596000
 Adding new image at address=0x00007ff811684000.
 address=0x00007ff811684000 modtime=0x00000000 uuid=5DA69B44-04A6-3C64-B240-E73982DCE12F path='/usr/lib/liboah.dylib'
 		          __TEXT [0x00007ff811684000 - 0x00007ff81168c000) slide = 0x6596000
 		    __DATA_CONST [0x00007ff846dd2330 - 0x00007ff846dd2650) slide = 0x6596000
 		          __DATA [0x00007ff84889c4d8 - 0x00007ff84889c4e0) slide = 0x6596000
 		      __LINKEDIT [0x00007ff88663e000 - 0x00007ff88ebfa31f) slide = 0x6596000
 Adding new image at address=0x00007ff80680b000.
 address=0x00007ff80680b000 modtime=0x00000000 uuid=A372724F-4642-369B-A01B-28E1F5E83FF1 path='/usr/lib/libc++.1.dylib'
 		          __TEXT [0x00007ff80680b000 - 0x00007ff806864000) slide = 0x6596000
 		    __DATA_CONST [0x00007ff8465b7af0 - 0x00007ff8465ba2c8) slide = 0x6596000
 		          __DATA [0x00007ff848032000 - 0x00007ff84803ae88) slide = 0x6596000
 		    __DATA_DIRTY [0x00007ff847fdbee0 - 0x00007ff847fdd0f8) slide = 0x6596000
 		      __LINKEDIT [0x00007ff88663e000 - 0x00007ff88ebfa31f) slide = 0x6596000
 DynamicLoaderDarwin::ModulesDidLoad[0] 9B28AFCF-A3B3-339D-AE95-212A38769361 (x86_64) "/usr/lib/libSystem.B.dylib"
 DynamicLoaderDarwin::ModulesDidLoad[1] 7DC8642E-135E-3AA2-87FF-3BFC9729A684 (x86_64) "/usr/lib/system/libcache.dylib"
 DynamicLoaderDarwin::ModulesDidLoad[2] 1CA9FEB7-91BB-305B-9334-8184D4439EFE (x86_64) "/usr/lib/system/libcommonCrypto.dylib"
 DynamicLoaderDarwin::ModulesDidLoad[3] A8910D07-0AFB-3ADC-83A4-23A738DD60E0 (x86_64) "/usr/lib/system/libcompiler_rt.dylib"
 DynamicLoaderDarwin::ModulesDidLoad[4] BD827BA8-6F15-371C-8EA8-87D193BB210C (x86_64) "/usr/lib/system/libcopyfile.dylib"
 DynamicLoaderDarwin::ModulesDidLoad[5] FB71E9E5-EC0D-3B60-8801-BCE26BFD3192 (x86_64) "/usr/lib/system/libcorecrypto.dylib"
 DynamicLoaderDarwin::ModulesDidLoad[6] 85C90F84-C537-3CC6-B795-A066E050FFE3 (x86_64) "/usr/lib/system/libdispatch.dylib"
 DynamicLoaderDarwin::ModulesDidLoad[7] B303ED5D-C1C9-39A1-9002-8F6FFB164786 (x86_64) "/usr/lib/system/libdyld.dylib"
 DynamicLoaderDarwin::ModulesDidLoad[8] 6879116A-F1D7-31C7-8426-D2C5502D7C4A (x86_64) "/usr/lib/system/libkeymgr.dylib"
 DynamicLoaderDarwin::ModulesDidLoad[9] B59A7564-FBC8-340A-A77A-5C7224BD1427 (x86_64) "/usr/lib/system/libmacho.dylib"
 DynamicLoaderDarwin::ModulesDidLoad[10] BD99E335-F638-3EDD-BB3B-12FDBFA14D03 (x86_64) "/usr/lib/system/libquarantine.dylib"
 DynamicLoaderDarwin::ModulesDidLoad[11] 05AB6ED5-C0B0-3F80-80C3-6A5A7E26EB52 (x86_64) "/usr/lib/system/libremovefile.dylib"
 DynamicLoaderDarwin::ModulesDidLoad[12] C7553568-15AE-3706-978A-6D9C6CD63B66 (x86_64) "/usr/lib/system/libsystem_asl.dylib"
 DynamicLoaderDarwin::ModulesDidLoad[13] F44F0D7C-74FD-37FD-8267-8D3AEC7E7FB8 (x86_64) "/usr/lib/system/libsystem_blocks.dylib"
 DynamicLoaderDarwin::ModulesDidLoad[14] 4ECD1661-9D96-3669-BB31-4C6D5C685D4C (x86_64) "/usr/lib/system/libsystem_c.dylib"
 DynamicLoaderDarwin::ModulesDidLoad[15] 078FFE74-41B6-3711-96AD-A65181CF2E74 (x86_64) "/usr/lib/system/libsystem_collections.dylib"
 DynamicLoaderDarwin::ModulesDidLoad[16] A84FF813-4212-3B75-A0D5-8C5E86E22348 (x86_64) "/usr/lib/system/libsystem_configuration.dylib"
 DynamicLoaderDarwin::ModulesDidLoad[17] 6A54130A-DE34-3706-B413-C2084CB9BBF9 (x86_64) "/usr/lib/system/libsystem_containermanager.dylib"
 DynamicLoaderDarwin::ModulesDidLoad[18] 01401488-79F9-31BA-A2B4-E1104DAE2DB3 (x86_64) "/usr/lib/system/libsystem_coreservices.dylib"
 DynamicLoaderDarwin::ModulesDidLoad[19] 26467112-ACEE-382F-8225-9A24A8469C40 (x86_64) "/usr/lib/system/libsystem_darwin.dylib"
 DynamicLoaderDarwin::ModulesDidLoad[20] A7CB2B70-28F0-39AA-B26F-C8904A929C81 (x86_64) "/usr/lib/system/libsystem_dnssd.dylib"
 DynamicLoaderDarwin::ModulesDidLoad[21] B3AC75A9-B6FA-3AEC-BA39-06CB49370793 (x86_64) "/usr/lib/system/libsystem_featureflags.dylib"
 DynamicLoaderDarwin::ModulesDidLoad[22] 98FAB899-5F72-3B49-96BF-0E4E2DEFAAA4 (x86_64) "/usr/lib/system/libsystem_info.dylib"
 DynamicLoaderDarwin::ModulesDidLoad[23] B47F5E36-7824-3ACA-B0C1-FBAF12B9DE06 (x86_64h) "/usr/lib/system/libsystem_m.dylib"
 DynamicLoaderDarwin::ModulesDidLoad[24] 2EA05464-FAC2-32FE-8E03-94252869554D (x86_64) "/usr/lib/system/libsystem_malloc.dylib"
 DynamicLoaderDarwin::ModulesDidLoad[25] CF777E15-F69C-3F9D-A433-59C1921E87EA (x86_64) "/usr/lib/system/libsystem_networkextension.dylib"
 DynamicLoaderDarwin::ModulesDidLoad[26] 02240282-9983-3F0E-AF7D-FF4B824330C6 (x86_64) "/usr/lib/system/libsystem_notify.dylib"
 DynamicLoaderDarwin::ModulesDidLoad[27] 7D020B83-9765-3725-8C8E-8A10150AFA2A (x86_64) "/usr/lib/system/libsystem_product_info_filter.dylib"
 DynamicLoaderDarwin::ModulesDidLoad[28] E1598FD0-B75B-3059-99D4-581A88FCFBC4 (x86_64) "/usr/lib/system/libsystem_sandbox.dylib"
 DynamicLoaderDarwin::ModulesDidLoad[29] 92DFDFC0-23A4-3929-844E-CF517A3E17DA (x86_64) "/usr/lib/system/libsystem_secinit.dylib"
 DynamicLoaderDarwin::ModulesDidLoad[30] 0A89408A-BEE0-30E0-A8B0-9BEEF1FACE7D (x86_64) "/usr/lib/system/libsystem_kernel.dylib"
 DynamicLoaderDarwin::ModulesDidLoad[31] 92C1278D-2673-3513-8239-3DA30EA67648 (x86_64) "/usr/lib/system/libsystem_platform.dylib"
 DynamicLoaderDarwin::ModulesDidLoad[32] E097F78F-FCFB-30F3-9164-DBC9709BA134 (x86_64) "/usr/lib/system/libsystem_pthread.dylib"
 DynamicLoaderDarwin::ModulesDidLoad[33] 1D52A047-A16C-3EF2-A63E-A983240AC65E (x86_64) "/usr/lib/system/libsystem_symptoms.dylib"
 DynamicLoaderDarwin::ModulesDidLoad[34] D30232CE-9AAB-3209-B16A-29813C9BB726 (x86_64) "/usr/lib/system/libsystem_trace.dylib"
 DynamicLoaderDarwin::ModulesDidLoad[35] FED5B053-635B-3A3C-9620-7F139F6B3659 (x86_64) "/usr/lib/system/libunwind.dylib"
 DynamicLoaderDarwin::ModulesDidLoad[36] 1FBFC4ED-5845-3E4A-946A-D07ADA2A547D (x86_64) "/usr/lib/system/libxpc.dylib"
 DynamicLoaderDarwin::ModulesDidLoad[37] 69AC868B-1157-364A-984A-5EF26973F661 (x86_64) "/usr/lib/libc++abi.dylib"
 DynamicLoaderDarwin::ModulesDidLoad[38] B36A2B52-68A9-3E44-B927-71C24BE1272F (x86_64h) "/usr/lib/libobjc.A.dylib"
 DynamicLoaderDarwin::ModulesDidLoad[39] 5DA69B44-04A6-3C64-B240-E73982DCE12F (x86_64) "/usr/lib/liboah.dylib"
 DynamicLoaderDarwin::ModulesDidLoad[40] A372724F-4642-369B-A01B-28E1F5E83FF1 (x86_64) "/usr/lib/libc++.1.dylib"
 Breakpoint::ModulesChanged: num_modules: 41 load: 1 delete_locations: 0

 Breakpoint::ModulesChanged: num_modules: 41 load: 1 delete_locations: 0

 Hit breakpoint location: -1.1: 
  module = /usr/lib/dyld
  symbol = _dyld_debugger_notification
  address = 0x0000000100011a88
  resolved = true
  hardware = false
  hit count = 2   
, continuing.

 StopInfo::ShouldStop async callback says we should not stop, returning ShouldStop of false.
 ThreadList::ShouldStop overall should_stop = 0
 ThreadList::ShouldReportStop 1 threads
 Thread::ShouldReportStop() tid = 0x1f7c0: returning vote 0 for current plan
 Returning no opinion
 Process::ShouldBroadcastEvent: should_resume: 1 state: stopped was_restarted: 0 report_stop_vote: 0.
 Process::ShouldBroadcastEvent (0x7f8457a26090) Restarting process from state: stopped
 Process::PrivateResume() m_stop_id = 4, public state: running private state: stopped
 Thread::PushPlan(0x0x7f8457978e78): "Single stepping past breakpoint site 2 at 0x100011a88", tid = 0x1f7c0.
 WillResume Thread #1 (0x0x7f8457978e78): tid = 0x1f7c0, pc = 0x100011a88, sp = 0x7ff7bfefe308, fp = 0x7ff7bfefe500, plan = 'Step over breakpoint trap', state = stepping, stop others = 1
 GDBRemoteCommunicationClient::SendGDBStoppointTypePacket() remove at addr = 0x100011a88
 Process::SetPrivateState (running)
 Process thinks the process has resumed.
 Process::ShouldBroadcastEvent (0x7f8457a26090) => new state: stopped, last broadcast state: running - NO
 Process::HandlePrivateEvent (pid = 5619) suppressing state stopped (old state running): should_broadcast == false
 timeout = <infinite>, event_sp)...
 Process::ShouldBroadcastEvent (0x7f845a2c0500) => new state: running, last broadcast state: running - NO
 Process::HandlePrivateEvent (pid = 5619) suppressing state running (old state running): should_broadcast == false
 timeout = <infinite>, event_sp)...
 Process::SetPrivateState (stopped)
 Process::SetPrivateState (stopped) stop_id = 5
 0x7f8457978e78: tid = 0x1f7c0: stop info = <NULL> (stop_id = 5)
 0x7f8457978e78: tid = 0x1f7c0: stop info = trace (stop_id = 5)
 
 ThreadList::ShouldStop: 1 threads, 1 unsuspended threads
 Thread::ShouldStop(0x7f8457978e78) for tid = 0x1f7c0 0x1f7c0, pc = 0x0000000100011a89
 ^^^^^^^^ Thread::ShouldStop Begin ^^^^^^^^
 Plan stack initial state:
  thread #1: tid = 0x1f7c0:
    Active plan stack:
      Element 0: Base thread plan.
      Element 1: Single stepping past breakpoint site 2 at 0x100011a88

 Step over breakpoint stopped for reason: trace.
 Plan Step over breakpoint trap should stop: 0.
 Completed step over breakpoint plan.
 GDBRemoteCommunicationClient::SendGDBStoppointTypePacket() add at addr = 0x100011a88
 Plan Step over breakpoint trap auto-continue: true.
 Popping plan: "Step over breakpoint trap", tid = 0x1f7c0.
 Plan stack final state:
  thread #1: tid = 0x1f7c0:
    Active plan stack:
      Element 0: Base thread plan.
    Completed plan stack:
      Element 0: Single stepping past breakpoint site 2 at 0x100011a88

 vvvvvvvv Thread::ShouldStop End (returning 0) vvvvvvvv
 ThreadList::ShouldStop overall should_stop = 0
 ThreadList::ShouldReportStop 1 threads
 Thread::ShouldReportStop() tid = 0x1f7c0: returning vote  for complete stack's back plan
 Returning vote: no
 Returning no
 Process::ShouldBroadcastEvent: should_resume: 1 state: stopped was_restarted: 0 report_stop_vote: -1.
 Process::ShouldBroadcastEvent (0x7f845a2aa6f0) Restarting process from state: stopped
 Process::PrivateResume() m_stop_id = 5, public state: running private state: stopped
 WillResume Thread #1 (0x0x7f8457978e78): tid = 0x1f7c0, pc = 0x100011a89, sp = 0x7ff7bfefe300, fp = 0x7ff7bfefe500, plan = 'base plan', state = running, stop others = 0
 Process::SetPrivateState (running)
 Process thinks the process has resumed.
 Process::ShouldBroadcastEvent (0x7f845a2aa6f0) => new state: stopped, last broadcast state: running - NO
 Process::HandlePrivateEvent (pid = 5619) suppressing state stopped (old state running): should_broadcast == false
 timeout = <infinite>, event_sp)...
 Process::ShouldBroadcastEvent (0x7f845a2cfec0) => new state: running, last broadcast state: running - NO
 Process::HandlePrivateEvent (pid = 5619) suppressing state running (old state running): should_broadcast == false
 timeout = <infinite>, event_sp)...
 Process::SetPrivateState (stopped)
 Process::SetPrivateState (stopped) stop_id = 6
 0x7f8457978e78: tid = 0x1f7c0: stop info = <NULL> (stop_id = 6)
 0x7f8457978e78: tid = 0x1f7c0: stop info = breakpoint 1.1 (stop_id = 6)
 
 ThreadList::ShouldStop: 1 threads, 1 unsuspended threads
 Thread::ShouldStop(0x7f8457978e78) for tid = 0x1f7c0 0x1f7c0, pc = 0x0000000100003d03
 ^^^^^^^^ Thread::ShouldStop Begin ^^^^^^^^
 Plan stack initial state:
  thread #1: tid = 0x1f7c0:
    Active plan stack:
      Element 0: Base thread plan.

 Hit breakpoint location: 1.1: 
  module = /Users/yashwanthprakash/Desktop/SEM 2/TERM 1/PSC/c_activites_sets/set03/problem06
  compile unit = problem06.c
  function = main
  location = /Users/yashwanthprakash/Desktop/SEM 2/TERM 1/PSC/c_activites_sets/set03/problem06.c:12:18
  address = 0x0000000100003d03
  resolved = true
  hardware = false
  hit count = 1   
, stopping.

 Base plan discarding thread plans for thread tid = 0x1f7c0 (breakpoint hit.)
 Discarding thread plans for thread (tid = 0x1f7c0, force 0)
 Base plan says should stop: 1.
 Plan stack final state:
  thread #1: tid = 0x1f7c0:
    Active plan stack:
      Element 0: Base thread plan.

 vvvvvvvv Thread::ShouldStop End (returning 1) vvvvvvvv
 ThreadList::ShouldStop overall should_stop = 1
 Frame #0 not recognized
 Process::ShouldBroadcastEvent (0x7f84579b3ff0) => new state: stopped, last broadcast state: stopped - YES
 Process::HandlePrivateEvent (pid = 5619) broadcasting new state stopped (old state running) to public
 timeout = <infinite>, event_sp)...
 Process::SetPublicState (state = stopped, restarted = 0)
 Process::SetPublicState (stopped) -- unlocking run lock
 Process::PerformAction returning from action with m_should_stop: 1.
 Processing command: q
 HandleCommand, cmd_obj : 'quit'
 HandleCommand, (revised) command_string: 'quit'
 HandleCommand, wants_raw_input:'False'
 HandleCommand, command line after removing command name(s): ''
 HandleCommand, command did not succeed
 Discarding thread plans for thread (tid = 0x1f7c0, force 1)
 GDBRemoteCommunicationClient::SendGDBStoppointTypePacket() remove at addr = 0x100003d03
 GDBRemoteCommunicationClient::SendGDBStoppointTypePacket() remove at addr = 0x100011a88
 ::waitpid (pid = 5619, &status, 0) => pid = 5619, status = 0x00000009 (SIGNALED), signal = 9, exit_status = -1
 pid = 5619, exited = true, signal = 9, status = -1
 Process::SetExitStatus (status=9 (0x00000009), description="")
 Process::ControlPrivateStateThread (signal = 1)
 Sending control event of type: 1.
 Process::RunPrivateStateThread (arg = 0x7f8459bdc618, pid = 5619) got a control event: 1
 Process::RunPrivateStateThread (arg = 0x7f8459bdc618, pid = 5619) thread exiting...
 ::waitpid (pid = 5620, &status, 0) => pid = 5620, status = 0x00000002 (SIGNALED), signal = 2, exit_status = -1
 Target::RemoveBreakpointByID (break_id = -1, internal = yes)

 Target::DisableBreakpointByID (break_id = -1, internal = yes)

 Target::DisableAllWatchpoints

 Target::ClearAllWatchpointHitCounts

 Target::ClearAllWatchpointHistoricValues

 Went to stop the private state thread, but it was already invalid.
 Couldn't get scratch TypeSystemClang
